Using pre-set license
Built from '2022.2/staging' branch; Version is '2022.2.4f1 (8216e0211249) revision 8525536'; Using compiler version '192829333'; Build Type 'Release'
OS: 'Windows 11  (10.0.22621) 64bit Core' Language: 'en' Physical Memory: 32609 MB
BatchMode: 1, IsHumanControllingUs: 0, StartBugReporterOnCrash: 0, Is64bit: 1, IsPro: 1

COMMAND LINE ARGUMENTS:
C:\Program Files\Unity\Hub\Editor\2022.2.4f1\Editor\Unity.exe
-adb2
-batchMode
-noUpm
-name
AssetImportWorker0
-projectPath
C:/Users/Pace/Documents/GitHub/Worm-attack2.0/Assignment 1 Game
-logFile
Logs/AssetImportWorker0.log
-srvPort
61707
Successfully changed project path to: C:/Users/Pace/Documents/GitHub/Worm-attack2.0/Assignment 1 Game
C:/Users/Pace/Documents/GitHub/Worm-attack2.0/Assignment 1 Game
[UnityMemory] Configuration Parameters - Can be set up in boot.config
    "memorysetup-bucket-allocator-granularity=16"
    "memorysetup-bucket-allocator-bucket-count=8"
    "memorysetup-bucket-allocator-block-size=33554432"
    "memorysetup-bucket-allocator-block-count=8"
    "memorysetup-main-allocator-block-size=16777216"
    "memorysetup-thread-allocator-block-size=16777216"
    "memorysetup-gfx-main-allocator-block-size=16777216"
    "memorysetup-gfx-thread-allocator-block-size=16777216"
    "memorysetup-cache-allocator-block-size=4194304"
    "memorysetup-typetree-allocator-block-size=2097152"
    "memorysetup-profiler-bucket-allocator-granularity=16"
    "memorysetup-profiler-bucket-allocator-bucket-count=8"
    "memorysetup-profiler-bucket-allocator-block-size=33554432"
    "memorysetup-profiler-bucket-allocator-block-count=8"
    "memorysetup-profiler-allocator-block-size=16777216"
    "memorysetup-profiler-editor-allocator-block-size=1048576"
    "memorysetup-temp-allocator-size-main=16777216"
    "memorysetup-job-temp-allocator-block-size=2097152"
    "memorysetup-job-temp-allocator-block-size-background=1048576"
    "memorysetup-job-temp-allocator-reduction-small-platforms=262144"
    "memorysetup-temp-allocator-size-background-worker=32768"
    "memorysetup-temp-allocator-size-job-worker=262144"
    "memorysetup-temp-allocator-size-preload-manager=33554432"
    "memorysetup-temp-allocator-size-nav-mesh-worker=65536"
    "memorysetup-temp-allocator-size-audio-worker=65536"
    "memorysetup-temp-allocator-size-cloud-worker=32768"
    "memorysetup-temp-allocator-size-gi-baking-worker=262144"
    "memorysetup-temp-allocator-size-gfx=262144"
Player connection [6976] Host "[IP] 192.168.1.182 [Port] 0 [Flags] 2 [Guid] 2862747249 [EditorId] 2862747249 [Version] 1048832 [Id] WindowsEditor(7,DESKTOP-MG3KLIG) [Debug] 1 [PackageName] WindowsEditor [ProjectName] Editor" joined multi-casting on [225.0.0.222:54997]...

Player connection [6976] Host "[IP] 192.168.1.182 [Port] 0 [Flags] 2 [Guid] 2862747249 [EditorId] 2862747249 [Version] 1048832 [Id] WindowsEditor(7,DESKTOP-MG3KLIG) [Debug] 1 [PackageName] WindowsEditor [ProjectName] Editor" joined alternative multi-casting on [225.0.0.222:34997]...

Refreshing native plugins compatible for Editor in 26.04 ms, found 4 plugins.
Preloading 0 native plugins for Editor in 0.00 ms.
Initialize engine version: 2022.2.4f1 (8216e0211249)
[Subsystems] Discovering subsystems at path C:/Program Files/Unity/Hub/Editor/2022.2.4f1/Editor/Data/Resources/UnitySubsystems
[Subsystems] Discovering subsystems at path C:/Users/Pace/Documents/GitHub/Worm-attack2.0/Assignment 1 Game/Assets
GfxDevice: creating device client; threaded=0; jobified=0
Direct3D:
    Version:  Direct3D 11.0 [level 11.1]
    Renderer: NVIDIA GeForce RTX 3080 (ID=0x2206)
    Vendor:   NVIDIA
    VRAM:     10067 MB
    Driver:   31.0.15.3713
Initialize mono
Mono path[0] = 'C:/Program Files/Unity/Hub/Editor/2022.2.4f1/Editor/Data/Managed'
Mono path[1] = 'C:/Program Files/Unity/Hub/Editor/2022.2.4f1/Editor/Data/MonoBleedingEdge/lib/mono/unityjit-win32'
Mono config path = 'C:/Program Files/Unity/Hub/Editor/2022.2.4f1/Editor/Data/MonoBleedingEdge/etc'
Using monoOptions --debugger-agent=transport=dt_socket,embedding=1,server=y,suspend=n,address=127.0.0.1:56096
Begin MonoManager ReloadAssembly
Registering precompiled unity dll's ...
Register platform support module: C:/Program Files/Unity/Hub/Editor/2022.2.4f1/Editor/Data/PlaybackEngines/WebGLSupport/UnityEditor.WebGL.Extensions.dll
Register platform support module: C:/Program Files/Unity/Hub/Editor/2022.2.4f1/Editor/Data/PlaybackEngines/WindowsStandaloneSupport/UnityEditor.WindowsStandalone.Extensions.dll
Registered in 0.006607 seconds.
- Loaded All Assemblies, in  0.296 seconds
Native extension for WindowsStandalone target not found
Native extension for WebGL target not found
Mono: successfully reloaded assembly
- Finished resetting the current domain, in  0.205 seconds
Domain Reload Profiling:
	ReloadAssembly (178ms)
		BeginReloadAssembly (74ms)
			ExecutionOrderSort (0ms)
			DisableScriptedObjects (0ms)
			BackupInstance (0ms)
			ReleaseScriptingObjects (0ms)
			CreateAndSetChildDomain (1ms)
		LoadAllAssembliesAndSetupDomain (0ms)
			LoadAssemblies (72ms)
			RebuildTransferFunctionScriptingTraits (0ms)
			SetupTypeCache (110ms)
				TypeCache.Initialize (109ms)
					TypeCache.ScanAssembly (108ms)
				ResolveRequiredComponents (0ms)
		FinalizeReload (0ms)
			ReleaseScriptCaches (0ms)
			RebuildScriptCaches (0ms)
			SetupLoadedEditorAssemblies (158ms)
				LogAssemblyErrors (0ms)
				InitializePlatformSupportModulesInManaged (8ms)
				SetLoadedEditorAssemblies (4ms)
				RefreshPlugins (0ms)
				BeforeProcessingInitializeOnLoad (1ms)
				ProcessInitializeOnLoadAttributes (106ms)
				ProcessInitializeOnLoadMethodAttributes (40ms)
				AfterProcessingInitializeOnLoad (0ms)
				EditorAssembliesLoaded (0ms)
			ExecutionOrderSort2 (0ms)
			AwakeInstancesAfterBackupRestoration (0ms)
========================================================================
Worker process is ready to serve import requests
Begin MonoManager ReloadAssembly
Could not resolve field token 0x04000048, due to: Invalid type GitHub.Unity.ApplicationManager for instance field GitHub.Unity.EntryPoint:appManager assembly:C:\Users\Pace\Documents\GitHub\Worm-attack2.0\Assignment 1 Game\Assets\Plugins\GitHub\Editor\GitHub.Unity.dll type:EntryPoint member:(null)
Could not resolve field token 0x04000049, due to: Invalid type GitHub.Unity.ApplicationManager for instance field GitHub.Unity.EntryPoint:appManager assembly:C:\Users\Pace\Documents\GitHub\Worm-attack2.0\Assignment 1 Game\Assets\Plugins\GitHub\Editor\GitHub.Unity.dll type:EntryPoint member:(null)
Unloading broken assembly Assets/Plugins/GitHub/Editor/GitHub.Api.dll, this assembly can cause crashes in the runtime
- Loaded All Assemblies, in  0.524 seconds
Refreshing native plugins compatible for Editor in 16.16 ms, found 4 plugins.
Native extension for WindowsStandalone target not found
Native extension for WebGL target not found
TypeLoadException: Invalid type GitHub.Unity.ApplicationManager for instance field GitHub.Unity.EntryPoint:appManager
  at (wrapper managed-to-native) System.Runtime.CompilerServices.RuntimeHelpers.RunClassConstructor(intptr)
  at System.Runtime.CompilerServices.RuntimeHelpers.RunClassConstructor (System.RuntimeTypeHandle type) [0x0002a] in <0da48681ced7494d83ae6a612d2206fc>:0 
  at UnityEditor.EditorAssemblies.ProcessInitializeOnLoadAttributes (System.Type[] types) [0x000d6] in <c119aa0913a0473185a8287e39c3f563>:0 

Mono: successfully reloaded assembly
- Finished resetting the current domain, in  0.378 seconds
Domain Reload Profiling:
	ReloadAssembly (167ms)
		BeginReloadAssembly (87ms)
			ExecutionOrderSort (0ms)
			DisableScriptedObjects (4ms)
			BackupInstance (0ms)
			ReleaseScriptingObjects (0ms)
			CreateAndSetChildDomain (15ms)
		LoadAllAssembliesAndSetupDomain (354ms)
			LoadAssemblies (195ms)
			RebuildTransferFunctionScriptingTraits (0ms)
			SetupTypeCache (196ms)
				TypeCache.Initialize (148ms)
					TypeCache.ScanAssembly (145ms)
				ResolveRequiredComponents (3ms)
		FinalizeReload (0ms)
			ReleaseScriptCaches (0ms)
			RebuildScriptCaches (0ms)
			SetupLoadedEditorAssemblies (257ms)
				LogAssemblyErrors (0ms)
				InitializePlatformSupportModulesInManaged (6ms)
				SetLoadedEditorAssemblies (4ms)
				RefreshPlugins (0ms)
				BeforeProcessingInitializeOnLoad (48ms)
				ProcessInitializeOnLoadAttributes (178ms)
				ProcessInitializeOnLoadMethodAttributes (15ms)
				AfterProcessingInitializeOnLoad (6ms)
				EditorAssembliesLoaded (0ms)
			ExecutionOrderSort2 (0ms)
			AwakeInstancesAfterBackupRestoration (5ms)
Launched and connected shader compiler UnityShaderCompiler.exe after 0.03 seconds
Refreshing native plugins compatible for Editor in 18.32 ms, found 4 plugins.
Preloading 0 native plugins for Editor in 0.00 ms.
Unloading 2495 Unused Serialized files (Serialized files now loaded: 0)
Unloading 119 unused Assets / (117.0 KB). Loaded Objects now: 2885.
Memory consumption went from 393.5 MB to 393.4 MB.
Total: 2.744500 ms (FindLiveObjects: 0.178900 ms CreateObjectMapping: 0.091000 ms MarkObjects: 2.332600 ms  DeleteObjects: 0.141200 ms)

AssetImportParameters requested are different than current active one (requested -> active):
  custom:video-encoder-webm-vp8: eb34c28f22e8b96e1ab97ce403110664 -> 
  custom:video-decoder-webm-vp8: 9c59270c3fd7afecdb556c50c9e8de78 -> 
  custom:audio-decoder-ogg-vorbis: bf7c407c2cedff20999df2af8eb42d56 -> 
  custom:container-demuxer-ogg: 62fdf1f143b41e24485cea50d1cbac27 -> 
  custom:AudioImporter_EditorPlatform: d09bf68614088b80899f8185d706f6e7 -> 
  custom:container-demuxer-webm: 4f35f7cbe854078d1ac9338744f61a02 -> 
  custom:video-decoder-ogg-theora: a1e56fd34408186e4bbccfd4996cb3dc -> 
  custom:audio-encoder-webm-vorbis: bf7c407c2cedff20999df2af8eb42d56 -> 
  custom:framework-win-MediaFoundation: 216162199b28c13a410421893ffa2e32 -> 
  custom:container-muxer-webm: aa71ff27fc2769a1b78a27578f13a17b -> 
========================================================================
Received Import Request.
  Time since last request: 18181.873505 seconds.
  path: Assets/torch.prefab
  artifactKey: Guid(b5d0da1a0745b0c408b445a25091d8d0) Importer(815301076,1909f56bfc062723c751e8b465ee728b)
Number of updated assets reloaded before import = 0
Start importing Assets/torch.prefab using Guid(b5d0da1a0745b0c408b445a25091d8d0) Importer(815301076,1909f56bfc062723c751e8b465ee728b)  -> (artifact id: 'fd210f039d8ef703cce30119ed942ed6') in 0.583831 seconds 
Internal: There are remaining Allocations on the JobTempAlloc. This is a leak, and will impact performance
To Debug, run app with -diag-job-temp-memory-leak-validation cmd line argument. This will output the callstacks of the leaked allocations.
Number of asset objects unloaded after import = 56
========================================================================
Received Import Request.
  Time since last request: 21.983756 seconds.
  path: Assets/Crystal_Mine
  artifactKey: Guid(3dda077592b4ac540b295573b72e897e) Importer(815301076,1909f56bfc062723c751e8b465ee728b)
Number of updated assets reloaded before import = 0
Start importing Assets/Crystal_Mine using Guid(3dda077592b4ac540b295573b72e897e) Importer(815301076,1909f56bfc062723c751e8b465ee728b)  -> (artifact id: 'ef982c538ebf2e9e8dc447df0ae6c763') in 0.000566 seconds 
Internal: There are remaining Allocations on the JobTempAlloc. This is a leak, and will impact performance
To Debug, run app with -diag-job-temp-memory-leak-validation cmd line argument. This will output the callstacks of the leaked allocations.
Number of asset objects unloaded after import = 0
========================================================================
Received Import Request.
  Time since last request: 0.992313 seconds.
  path: Assets/Mayan Temple
  artifactKey: Guid(857322e2e7fa2894b98c4c43a376116a) Importer(815301076,1909f56bfc062723c751e8b465ee728b)
Number of updated assets reloaded before import = 0
Start importing Assets/Mayan Temple using Guid(857322e2e7fa2894b98c4c43a376116a) Importer(815301076,1909f56bfc062723c751e8b465ee728b)  -> (artifact id: 'd2870d369256f33cd092b9b34bfba68a') in 0.000405 seconds 
Internal: There are remaining Allocations on the JobTempAlloc. This is a leak, and will impact performance
To Debug, run app with -diag-job-temp-memory-leak-validation cmd line argument. This will output the callstacks of the leaked allocations.
Number of asset objects unloaded after import = 0
========================================================================
Received Import Request.
  Time since last request: 0.806506 seconds.
  path: Assets/Mayan Temple/Mayan Temple Post Process.asset
  artifactKey: Guid(2d3bb5c77c3731c4395b314663b5b524) Importer(815301076,1909f56bfc062723c751e8b465ee728b)
Number of updated assets reloaded before import = 0
Start importing Assets/Mayan Temple/Mayan Temple Post Process.asset using Guid(2d3bb5c77c3731c4395b314663b5b524) Importer(815301076,1909f56bfc062723c751e8b465ee728b)  -> (artifact id: 'c85f0b5e48e42c512ff38c13a6bfb551') in 0.001535 seconds 
Internal: There are remaining Allocations on the JobTempAlloc. This is a leak, and will impact performance
To Debug, run app with -diag-job-temp-memory-leak-validation cmd line argument. This will output the callstacks of the leaked allocations.
Number of asset objects unloaded after import = 1
========================================================================
Received Import Request.
  Time since last request: 0.000015 seconds.
  path: Assets/Mayan Temple/Skybox.mat
  artifactKey: Guid(44c18670f5297ce47a13e8b1d25fd155) Importer(815301076,1909f56bfc062723c751e8b465ee728b)
Number of updated assets reloaded before import = 0
Start importing Assets/Mayan Temple/Skybox.mat using Guid(44c18670f5297ce47a13e8b1d25fd155) Importer(815301076,1909f56bfc062723c751e8b465ee728b)  -> (artifact id: '111bf21adddf44dbf8755bb7ad445138') in 0.080483 seconds 
Internal: There are remaining Allocations on the JobTempAlloc. This is a leak, and will impact performance
To Debug, run app with -diag-job-temp-memory-leak-validation cmd line argument. This will output the callstacks of the leaked allocations.
Number of asset objects unloaded after import = 1
========================================================================
Received Import Request.
  Time since last request: 2.802486 seconds.
  path: Assets/Mayan Temple/Environment
  artifactKey: Guid(449731d611fdbf04f817653e13b50da5) Importer(815301076,1909f56bfc062723c751e8b465ee728b)
Number of updated assets reloaded before import = 0
Start importing Assets/Mayan Temple/Environment using Guid(449731d611fdbf04f817653e13b50da5) Importer(815301076,1909f56bfc062723c751e8b465ee728b)  -> (artifact id: '23aeb1ac7ca61c1499c5ed025b3e9bce') in 0.000417 seconds 
Internal: There are remaining Allocations on the JobTempAlloc. This is a leak, and will impact performance
To Debug, run app with -diag-job-temp-memory-leak-validation cmd line argument. This will output the callstacks of the leaked allocations.
Number of asset objects unloaded after import = 0
========================================================================
Received Import Request.
  Time since last request: 3.237596 seconds.
  path: Assets/_TerrainAutoUpgrade/layer_map basic demo 0704af9957d0a0a2e.terrainlayer
  artifactKey: Guid(2c79a48501c720149a9431c507f93be3) Importer(815301076,1909f56bfc062723c751e8b465ee728b)
Number of updated assets reloaded before import = 0
Start importing Assets/_TerrainAutoUpgrade/layer_map basic demo 0704af9957d0a0a2e.terrainlayer using Guid(2c79a48501c720149a9431c507f93be3) Importer(815301076,1909f56bfc062723c751e8b465ee728b)  -> (artifact id: 'e7860dcb6ec371e5d6c44009f0469a34') in 0.013421 seconds 
Internal: There are remaining Allocations on the JobTempAlloc. This is a leak, and will impact performance
To Debug, run app with -diag-job-temp-memory-leak-validation cmd line argument. This will output the callstacks of the leaked allocations.
Number of asset objects unloaded after import = 2
========================================================================
Received Import Request.
  Time since last request: 8.493867 seconds.
  path: Assets/map one.unity
  artifactKey: Guid(6d78f1c006d3b384787a7910585b4561) Importer(815301076,1909f56bfc062723c751e8b465ee728b)
Number of updated assets reloaded before import = 0
Start importing Assets/map one.unity using Guid(6d78f1c006d3b384787a7910585b4561) Importer(815301076,1909f56bfc062723c751e8b465ee728b)  -> (artifact id: '4b000c730140eeee854269298b5e4c8b') in 0.000599 seconds 
Internal: There are remaining Allocations on the JobTempAlloc. This is a leak, and will impact performance
To Debug, run app with -diag-job-temp-memory-leak-validation cmd line argument. This will output the callstacks of the leaked allocations.
Number of asset objects unloaded after import = 0
